<?xml version="1.0" encoding="UTF-8"?>
<!-- Generated by org.testng.reporters.JUnitReportReporter -->
<testsuite hostname="USER" failures="0" tests="3" name="testpkg.Deygatest" time="83.272" errors="0" timestamp="2024-08-07T21:44:09 IST" skipped="0">
  <testcase classname="testpkg.Deygatest" name="verifyLoginWithValidCred" time="30.511"/>
  <testcase classname="testpkg.Deygatest" name="purchaseprod" time="41.861"/>
  <testcase classname="testpkg.Deygatest" name="Searchproductlist" time="10.900"/>
</testsuite> <!-- testpkg.Deygatest -->
