<?xml version="1.0" encoding="UTF-8"?>
<!-- Generated by org.testng.reporters.JUnitReportReporter -->
<testsuite hostname="USER" failures="0" tests="1" name="testpkg.learningtest" time="110.958" errors="0" timestamp="2024-08-07T15:01:02 IST" skipped="0">
  <testcase classname="testpkg.learningtest" name="verifyLogin" time="110.958"/>
</testsuite> <!-- testpkg.learningtest -->
