<?xml version="1.0" encoding="UTF-8"?>
<!-- Generated by org.testng.reporters.JUnitReportReporter -->
<testsuite hostname="USER" failures="0" tests="1" name="basepkg.Basesetupclass" time="0.020" errors="0" timestamp="2024-07-29T20:11:35 IST" skipped="0">
  <testcase classname="basepkg.Basesetupclass" name="test" time="0.020"/>
</testsuite> <!-- basepkg.Basesetupclass -->
